<?xml version="1.0" encoding="utf-8"?><testsuites name="pytest tests"><testsuite name="pytest" errors="1" failures="0" skipped="0" tests="1" time="0.067" timestamp="2025-07-12T22:19:29.949451+02:00" hostname="MacBook-Air-von-Matthias.fritz.box"><testcase classname="" name="src.tests.test_mcp_integration" time="0.000"><error message="collection failure">ImportError while importing test module '/Users/ma3u/projects/StrunzKnowledge/src/tests/test_mcp_integration.py'.
Hint: make sure your test modules/packages have valid Python names.
Traceback:
/opt/homebrew/Cellar/python@3.13/3.13.4/Frameworks/Python.framework/Versions/3.13/lib/python3.13/importlib/__init__.py:88: in import_module
    return _bootstrap._gcd_import(name[level:], package, level)
           ^^^^^^^^^^^^^^^^^^^^^^^^^^^^^^^^^^^^^^^^^^^^^^^^^^^^
src/tests/test_mcp_integration.py:6: in &lt;module&gt;
    from ..mcp.server import (
src/mcp/__init__.py:1: in &lt;module&gt;
    from .server import run_server, mcp, app
src/mcp/server.py:6: in &lt;module&gt;
    from fastmcp import FastMCP
E   ModuleNotFoundError: No module named 'fastmcp'</error></testcase></testsuite></testsuites>